[2021-02-26 00:51:18,096] [autoreload.py:617] [autoreload:run_with_reloader] [INFO]- Watching for file changes with StatReloader
[2021-02-26 00:51:21,236] [basehttp.py:157] [basehttp:log_message] [INFO]- "GET /api/UserMessages/13/ HTTP/1.1" 200 17697
[2021-02-26 00:51:21,266] [basehttp.py:157] [basehttp:log_message] [INFO]- "GET /static/rest_framework/js/jquery-3.5.1.min.js HTTP/1.1" 304 0
[2021-02-26 00:51:21,285] [basehttp.py:157] [basehttp:log_message] [INFO]- "GET /static/rest_framework/js/bootstrap.min.js HTTP/1.1" 304 0
[2021-02-26 00:51:21,296] [basehttp.py:157] [basehttp:log_message] [INFO]- "GET /static/rest_framework/js/ajax-form.js HTTP/1.1" 304 0
[2021-02-26 00:51:21,304] [basehttp.py:157] [basehttp:log_message] [INFO]- "GET /static/rest_framework/js/csrf.js HTTP/1.1" 304 0
[2021-02-26 00:51:21,307] [basehttp.py:157] [basehttp:log_message] [INFO]- "GET /static/rest_framework/js/default.js HTTP/1.1" 304 0
[2021-02-26 00:51:21,316] [basehttp.py:157] [basehttp:log_message] [INFO]- "GET /static/rest_framework/js/prettify-min.js HTTP/1.1" 304 0
[2021-02-26 00:51:22,238] [basehttp.py:157] [basehttp:log_message] [INFO]- "GET /api/UserMessages/13/ HTTP/1.1" 200 17697
[2021-02-26 00:51:22,263] [basehttp.py:157] [basehttp:log_message] [INFO]- "GET /static/rest_framework/js/jquery-3.5.1.min.js HTTP/1.1" 304 0
[2021-02-26 00:51:22,264] [basehttp.py:157] [basehttp:log_message] [INFO]- "GET /static/rest_framework/js/ajax-form.js HTTP/1.1" 304 0
[2021-02-26 00:51:22,265] [basehttp.py:157] [basehttp:log_message] [INFO]- "GET /static/rest_framework/js/default.js HTTP/1.1" 304 0
[2021-02-26 00:51:22,269] [basehttp.py:157] [basehttp:log_message] [INFO]- "GET /static/rest_framework/js/csrf.js HTTP/1.1" 304 0
[2021-02-26 00:51:22,272] [basehttp.py:157] [basehttp:log_message] [INFO]- "GET /static/rest_framework/js/prettify-min.js HTTP/1.1" 304 0
[2021-02-26 00:51:22,275] [basehttp.py:157] [basehttp:log_message] [INFO]- "GET /static/rest_framework/js/bootstrap.min.js HTTP/1.1" 304 0
[2021-02-26 00:54:57,120] [autoreload.py:240] [autoreload:trigger_reload] [INFO]- /home/sundameng/django student code/Django_Blog/djangoProject/settings.py changed, reloading.
[2021-02-26 00:54:57,723] [autoreload.py:617] [autoreload:run_with_reloader] [INFO]- Watching for file changes with StatReloader
[2021-02-26 00:54:58,452] [basehttp.py:157] [basehttp:log_message] [INFO]- "GET /admin/ HTTP/1.1" 200 24372
[2021-02-26 00:54:58,505] [basehttp.py:157] [basehttp:log_message] [INFO]- "GET /static/admin/simpleui-x/automatic/dicts.js?_=2021.2 HTTP/1.1" 200 6190
[2021-02-26 00:54:58,544] [basehttp.py:157] [basehttp:log_message] [INFO]- "GET /static/admin/simpleui-x/locale/zh-hans.js?_=2021.2 HTTP/1.1" 200 1254
[2021-02-26 00:54:58,550] [basehttp.py:157] [basehttp:log_message] [INFO]- "GET /static/admin/simpleui-x/js/cookie.js?_=2021.2 HTTP/1.1" 200 524
[2021-02-26 00:54:58,552] [basehttp.py:157] [basehttp:log_message] [INFO]- "GET /static/admin/simpleui-x/theme/theme.js?_=2021.2 HTTP/1.1" 200 4274
[2021-02-26 00:54:58,552] [basehttp.py:157] [basehttp:log_message] [INFO]- "GET /static/admin/simpleui-x/js/index.js?_=2021.2 HTTP/1.1" 200 20820
[2021-02-26 00:54:58,552] [basehttp.py:157] [basehttp:log_message] [INFO]- "GET /static/admin/simpleui-x/waves/waves.min.js?_=2021.2 HTTP/1.1" 200 6329
[2021-02-26 00:54:58,564] [basehttp.py:157] [basehttp:log_message] [INFO]- "GET /static/admin/simpleui-x/locale/en-us.js?_=2021.2 HTTP/1.1" 200 811
[2021-02-26 00:54:58,566] [basehttp.py:157] [basehttp:log_message] [INFO]- "GET /static/admin/simpleui-x/automatic/segment.js?_=2021.2 HTTP/1.1" 200 1186
[2021-02-26 00:54:58,568] [basehttp.py:157] [basehttp:log_message] [INFO]- "GET /static/admin/simpleui-x/js/menu.js?_=2021.2 HTTP/1.1" 200 2089
[2021-02-26 00:54:58,571] [basehttp.py:157] [basehttp:log_message] [INFO]- "GET /static/admin/simpleui-x/img/logo.png HTTP/1.1" 200 115997
[2021-02-26 00:54:58,782] [basehttp.py:157] [basehttp:log_message] [INFO]- "GET /admin/BlogAnother/usermessages_set_get/ HTTP/1.1" 200 24673
[2021-02-26 00:54:58,839] [basehttp.py:157] [basehttp:log_message] [INFO]- "GET /admin/jsi18n/ HTTP/1.1" 200 7732
[2021-02-26 00:54:58,841] [basehttp.py:157] [basehttp:log_message] [INFO]- "GET /static/admin/js/actions.min.js HTTP/1.1" 200 3237
[2021-02-26 00:54:58,843] [basehttp.py:157] [basehttp:log_message] [INFO]- "GET /static/admin/js/vendor/xregexp/xregexp.min.js HTTP/1.1" 200 125266
[2021-02-26 00:54:58,844] [basehttp.py:157] [basehttp:log_message] [INFO]- "GET /static/admin/js/prepopulate.min.js HTTP/1.1" 200 388
[2021-02-26 00:55:00,142] [basehttp.py:157] [basehttp:log_message] [INFO]- "GET /admin/ HTTP/1.1" 200 24372
[2021-02-26 00:55:00,175] [basehttp.py:157] [basehttp:log_message] [INFO]- "GET /static/admin/simpleui-x/automatic/dicts.js?_=2021.2 HTTP/1.1" 304 0
[2021-02-26 00:55:00,186] [basehttp.py:157] [basehttp:log_message] [INFO]- "GET /static/admin/simpleui-x/waves/waves.min.js?_=2021.2 HTTP/1.1" 304 0
[2021-02-26 00:55:00,187] [basehttp.py:157] [basehttp:log_message] [INFO]- "GET /static/admin/simpleui-x/locale/en-us.js?_=2021.2 HTTP/1.1" 304 0
[2021-02-26 00:55:00,193] [basehttp.py:157] [basehttp:log_message] [INFO]- "GET /static/admin/simpleui-x/js/cookie.js?_=2021.2 HTTP/1.1" 304 0
[2021-02-26 00:55:00,195] [basehttp.py:157] [basehttp:log_message] [INFO]- "GET /static/admin/simpleui-x/locale/zh-hans.js?_=2021.2 HTTP/1.1" 304 0
[2021-02-26 00:55:00,195] [basehttp.py:157] [basehttp:log_message] [INFO]- "GET /static/admin/simpleui-x/theme/theme.js?_=2021.2 HTTP/1.1" 304 0
[2021-02-26 00:55:00,199] [basehttp.py:157] [basehttp:log_message] [INFO]- "GET /static/admin/simpleui-x/img/logo.png HTTP/1.1" 304 0
[2021-02-26 00:55:00,199] [basehttp.py:157] [basehttp:log_message] [INFO]- "GET /static/admin/simpleui-x/automatic/segment.js?_=2021.2 HTTP/1.1" 304 0
[2021-02-26 00:55:00,200] [basehttp.py:157] [basehttp:log_message] [INFO]- "GET /static/admin/simpleui-x/js/index.js?_=2021.2 HTTP/1.1" 304 0
[2021-02-26 00:55:00,202] [basehttp.py:157] [basehttp:log_message] [INFO]- "GET /static/admin/simpleui-x/js/menu.js?_=2021.2 HTTP/1.1" 304 0
[2021-02-26 00:55:00,421] [basehttp.py:157] [basehttp:log_message] [INFO]- "GET /admin/BlogAnother/usermessages_set_get/ HTTP/1.1" 200 24673
[2021-02-26 00:55:00,485] [basehttp.py:157] [basehttp:log_message] [INFO]- "GET /admin/jsi18n/ HTTP/1.1" 200 7732
[2021-02-26 00:55:11,507] [basehttp.py:157] [basehttp:log_message] [INFO]- "GET /static/admin/simpleui-x/locale/zh-hans.js HTTP/1.1" 200 1254
[2021-02-26 00:55:11,508] [basehttp.py:157] [basehttp:log_message] [INFO]- "GET /static/admin/simpleui-x/locale/en-us.js?_=2.1.2 HTTP/1.1" 200 811
[2021-02-26 00:55:11,519] [basehttp.py:157] [basehttp:log_message] [INFO]- "GET /static/admin/simpleui-x/css/index.css.map HTTP/1.1" 200 3279
[2021-02-26 00:55:11,522] [basehttp.py:157] [basehttp:log_message] [INFO]- "GET /static/admin/simpleui-x/automatic/dicts.js?_=2021.2 HTTP/1.1" 200 6190
[2021-02-26 00:55:11,525] [basehttp.py:157] [basehttp:log_message] [INFO]- "GET /static/admin/js/jquery.init.js HTTP/1.1" 200 347
[2021-02-26 00:55:11,531] [basehttp.py:157] [basehttp:log_message] [INFO]- "GET /admin/BlogAnother/usermessages_set_get/ HTTP/1.1" 302 0
[2021-02-26 00:55:11,535] [basehttp.py:157] [basehttp:log_message] [INFO]- "GET /static/admin/simpleui-x/locale/en-us.js?_=2021.2 HTTP/1.1" 200 811
[2021-02-26 00:55:11,539] [basehttp.py:157] [basehttp:log_message] [INFO]- "GET /static/admin/simpleui-x/locale/zh-hans.js?_=2021.2 HTTP/1.1" 200 1254
[2021-02-26 00:55:11,540] [basehttp.py:157] [basehttp:log_message] [INFO]- "GET /static/admin/simpleui-x/theme/theme.js?_=2021.2 HTTP/1.1" 200 4274
[2021-02-26 00:55:11,544] [basehttp.py:157] [basehttp:log_message] [INFO]- "GET /admin/ HTTP/1.1" 302 0
[2021-02-26 00:55:11,544] [basehttp.py:157] [basehttp:log_message] [INFO]- "GET /static/admin/simpleui-x/automatic/dicts.js HTTP/1.1" 200 6190
[2021-02-26 00:55:11,555] [basehttp.py:157] [basehttp:log_message] [INFO]- "GET /admin/login/?next=/admin/BlogAnother/usermessages_set_get/ HTTP/1.1" 200 3808
[2021-02-26 00:55:11,560] [basehttp.py:157] [basehttp:log_message] [INFO]- "GET /admin/login/?next=/admin/ HTTP/1.1" 200 3742
[2021-02-26 00:55:14,382] [basehttp.py:157] [basehttp:log_message] [INFO]- "GET /admin/ HTTP/1.1" 200 24372
[2021-02-26 00:55:14,828] [basehttp.py:157] [basehttp:log_message] [INFO]- "GET /static/admin/simpleui-x/css/index.css?_=3.2 HTTP/1.1" 200 7134
[2021-02-26 00:55:14,833] [basehttp.py:157] [basehttp:log_message] [INFO]- "GET /static/admin/simpleui-x/waves/waves.min.css?_=2.1 HTTP/1.1" 200 3861
[2021-02-26 00:55:14,842] [basehttp.py:157] [basehttp:log_message] [INFO]- "GET /static/admin/simpleui-x/automatic/segment.js?_=2021.2 HTTP/1.1" 200 1186
[2021-02-26 00:55:14,843] [basehttp.py:157] [basehttp:log_message] [INFO]- "GET /static/admin/simpleui-x/automatic/dicts.js?_=2021.2 HTTP/1.1" 200 6190
[2021-02-26 00:55:14,844] [basehttp.py:157] [basehttp:log_message] [INFO]- "GET /static/admin/simpleui-x/img/logo.png HTTP/1.1" 200 115997
[2021-02-26 00:55:14,850] [basehttp.py:157] [basehttp:log_message] [INFO]- "GET /static/admin/simpleui-x/js/cookie.js?_=2021.2 HTTP/1.1" 200 524
[2021-02-26 00:55:14,850] [basehttp.py:157] [basehttp:log_message] [INFO]- "GET /static/admin/simpleui-x/locale/en-us.js?_=2021.2 HTTP/1.1" 200 811
[2021-02-26 00:55:14,865] [basehttp.py:157] [basehttp:log_message] [INFO]- "GET /static/admin/simpleui-x/js/menu.js?_=2021.2 HTTP/1.1" 200 2089
[2021-02-26 00:55:14,865] [basehttp.py:157] [basehttp:log_message] [INFO]- "GET /static/admin/simpleui-x/waves/waves.min.js?_=2021.2 HTTP/1.1" 200 6329
[2021-02-26 00:55:14,866] [basehttp.py:157] [basehttp:log_message] [INFO]- "GET /static/admin/simpleui-x/locale/zh-hans.js?_=2021.2 HTTP/1.1" 200 1254
[2021-02-26 00:55:14,867] [basehttp.py:157] [basehttp:log_message] [INFO]- "GET /static/admin/simpleui-x/js/index.js?_=2021.2 HTTP/1.1" 200 20820
[2021-02-26 00:55:14,869] [basehttp.py:157] [basehttp:log_message] [INFO]- "GET /static/admin/simpleui-x/theme/theme.js?_=2021.2 HTTP/1.1" 200 4274
[2021-02-26 00:55:15,128] [basehttp.py:157] [basehttp:log_message] [INFO]- "GET /admin/BlogAnother/usermessages_set_get/ HTTP/1.1" 200 24673
[2021-02-26 00:55:15,280] [log.py:224] [log:log_response] [WARNING]- Not Found: /favicon.ico
[2021-02-26 00:55:15,281] [basehttp.py:157] [basehttp:log_message] [WARNING]- "GET /favicon.ico HTTP/1.1" 404 179
[2021-02-26 00:55:15,421] [basehttp.py:157] [basehttp:log_message] [INFO]- "GET /static/admin/simpleui-x/css/base.css?_=2.7 HTTP/1.1" 200 3205
[2021-02-26 00:55:15,425] [basehttp.py:157] [basehttp:log_message] [INFO]- "GET /static/admin/simpleui-x/locale/en-us.js?_=2.1.2 HTTP/1.1" 200 811
[2021-02-26 00:55:15,432] [basehttp.py:157] [basehttp:log_message] [INFO]- "GET /static/admin/simpleui-x/js/language.js?_=2.1.2 HTTP/1.1" 200 189
[2021-02-26 00:55:15,432] [basehttp.py:157] [basehttp:log_message] [INFO]- "GET /static/admin/simpleui-x/js/cookie.js HTTP/1.1" 200 524
[2021-02-26 00:55:15,433] [basehttp.py:157] [basehttp:log_message] [INFO]- "GET /static/admin/css/base.css?_=2.7 HTTP/1.1" 200 16206
[2021-02-26 00:55:15,434] [basehttp.py:157] [basehttp:log_message] [INFO]- "GET /static/admin/simpleui-x/locale/zh-hans.js HTTP/1.1" 200 1254
[2021-02-26 00:55:15,434] [basehttp.py:157] [basehttp:log_message] [INFO]- "GET /static/admin/simpleui-x/theme/simpleui.css HTTP/1.1" 200 4421
[2021-02-26 00:55:15,445] [basehttp.py:157] [basehttp:log_message] [INFO]- "GET /static/admin/js/jquery.init.js HTTP/1.1" 200 347
[2021-02-26 00:55:15,449] [basehttp.py:157] [basehttp:log_message] [INFO]- "GET /static/admin/css/changelists.css?_=20180905 HTTP/1.1" 200 6305
[2021-02-26 00:55:15,449] [basehttp.py:157] [basehttp:log_message] [INFO]- "GET /static/admin/js/vendor/jquery/jquery.min.js HTTP/1.1" 200 89476
[2021-02-26 00:55:15,462] [basehttp.py:157] [basehttp:log_message] [INFO]- "GET /static/admin/js/core.js HTTP/1.1" 200 5418
[2021-02-26 00:55:15,463] [basehttp.py:157] [basehttp:log_message] [INFO]- "GET /static/admin/js/admin/RelatedObjectLookups.js HTTP/1.1" 200 6078
[2021-02-26 00:55:15,464] [basehttp.py:157] [basehttp:log_message] [INFO]- "GET /static/admin/js/actions.min.js HTTP/1.1" 200 3237
[2021-02-26 00:55:15,467] [basehttp.py:157] [basehttp:log_message] [INFO]- "GET /static/admin/js/urlify.js HTTP/1.1" 200 8632
[2021-02-26 00:55:15,480] [basehttp.py:157] [basehttp:log_message] [INFO]- "GET /admin/jsi18n/ HTTP/1.1" 200 7732
[2021-02-26 00:55:15,480] [basehttp.py:157] [basehttp:log_message] [INFO]- "GET /static/admin/js/prepopulate.min.js HTTP/1.1" 200 388
[2021-02-26 00:55:15,483] [basehttp.py:157] [basehttp:log_message] [INFO]- "GET /static/admin/js/vendor/xregexp/xregexp.min.js HTTP/1.1" 200 125266
[2021-02-26 00:55:15,497] [basehttp.py:157] [basehttp:log_message] [INFO]- "GET /static/admin/css/responsive.css?_=20180905 HTTP/1.1" 200 17867
[2021-02-26 00:55:15,509] [basehttp.py:157] [basehttp:log_message] [INFO]- "GET /static/admin/simpleui-x/automatic/dicts.js HTTP/1.1" 200 6190
[2021-02-26 00:55:15,510] [basehttp.py:157] [basehttp:log_message] [INFO]- "GET /static/admin/simpleui-x/js/axios.min.js HTTP/1.1" 200 14237
[2021-02-26 00:55:15,514] [basehttp.py:157] [basehttp:log_message] [INFO]- "GET /static/admin/simpleui-x/automatic/segment.js HTTP/1.1" 200 1186
[2021-02-26 00:55:15,532] [basehttp.py:157] [basehttp:log_message] [INFO]- "GET /static/admin/css/fonts.css HTTP/1.1" 200 423
[2021-02-26 00:55:15,735] [basehttp.py:157] [basehttp:log_message] [INFO]- "GET /static/admin/simpleui-x/css/index.css.map HTTP/1.1" 304 0
[2021-02-26 00:55:15,745] [basehttp.py:157] [basehttp:log_message] [INFO]- "GET /static/admin/js/vendor/jquery/jquery.min.js HTTP/1.1" 200 89476
[2021-02-26 00:55:15,849] [basehttp.py:157] [basehttp:log_message] [INFO]- "GET /static/admin/fonts/Roboto-Regular-webfont.woff HTTP/1.1" 200 85876
[2021-02-26 00:55:15,872] [basehttp.py:157] [basehttp:log_message] [INFO]- "GET /static/admin/fonts/Roboto-Bold-webfont.woff HTTP/1.1" 200 86184
[2021-02-26 00:55:16,871] [basehttp.py:157] [basehttp:log_message] [INFO]- "GET /admin/ HTTP/1.1" 200 24372
[2021-02-26 00:55:16,946] [basehttp.py:157] [basehttp:log_message] [INFO]- "GET /static/admin/simpleui-x/automatic/dicts.js?_=2021.2 HTTP/1.1" 200 6190
[2021-02-26 00:55:16,949] [basehttp.py:157] [basehttp:log_message] [INFO]- "GET /static/admin/simpleui-x/css/index.css?_=3.2 HTTP/1.1" 200 7134
[2021-02-26 00:55:16,951] [basehttp.py:157] [basehttp:log_message] [INFO]- "GET /static/admin/simpleui-x/locale/en-us.js?_=2021.2 HTTP/1.1" 200 811
[2021-02-26 00:55:16,952] [basehttp.py:157] [basehttp:log_message] [INFO]- "GET /static/admin/simpleui-x/waves/waves.min.css?_=2.1 HTTP/1.1" 200 3861
[2021-02-26 00:55:16,952] [basehttp.py:157] [basehttp:log_message] [INFO]- "GET /static/admin/simpleui-x/automatic/segment.js?_=2021.2 HTTP/1.1" 200 1186
[2021-02-26 00:55:16,976] [basehttp.py:157] [basehttp:log_message] [INFO]- "GET /static/admin/simpleui-x/js/cookie.js?_=2021.2 HTTP/1.1" 200 524
[2021-02-26 00:55:16,977] [basehttp.py:157] [basehttp:log_message] [INFO]- "GET /static/admin/simpleui-x/theme/theme.js?_=2021.2 HTTP/1.1" 200 4274
[2021-02-26 00:55:16,984] [basehttp.py:157] [basehttp:log_message] [INFO]- "GET /static/admin/simpleui-x/waves/waves.min.js?_=2021.2 HTTP/1.1" 200 6329
[2021-02-26 00:55:16,988] [basehttp.py:157] [basehttp:log_message] [INFO]- "GET /static/admin/simpleui-x/js/menu.js?_=2021.2 HTTP/1.1" 200 2089
[2021-02-26 00:55:16,988] [basehttp.py:157] [basehttp:log_message] [INFO]- "GET /static/admin/simpleui-x/locale/zh-hans.js?_=2021.2 HTTP/1.1" 200 1254
[2021-02-26 00:55:16,988] [basehttp.py:157] [basehttp:log_message] [INFO]- "GET /static/admin/simpleui-x/js/index.js?_=2021.2 HTTP/1.1" 200 20820
[2021-02-26 00:55:17,240] [basehttp.py:157] [basehttp:log_message] [INFO]- "GET /static/admin/simpleui-x/img/logo.png HTTP/1.1" 200 115997
[2021-02-26 00:55:17,623] [basehttp.py:157] [basehttp:log_message] [INFO]- "GET /admin/BlogAnother/usermessages_set_get/ HTTP/1.1" 200 24673
[2021-02-26 00:55:18,021] [log.py:224] [log:log_response] [WARNING]- Not Found: /favicon.ico
[2021-02-26 00:55:18,023] [basehttp.py:157] [basehttp:log_message] [WARNING]- "GET /favicon.ico HTTP/1.1" 404 179
[2021-02-26 00:55:18,125] [basehttp.py:157] [basehttp:log_message] [INFO]- "GET /static/admin/css/base.css?_=2.7 HTTP/1.1" 200 16206
[2021-02-26 00:55:18,135] [basehttp.py:157] [basehttp:log_message] [INFO]- "GET /static/admin/simpleui-x/css/base.css?_=2.7 HTTP/1.1" 200 3205
[2021-02-26 00:55:18,141] [basehttp.py:157] [basehttp:log_message] [INFO]- "GET /static/admin/simpleui-x/theme/simpleui.css HTTP/1.1" 200 4421
[2021-02-26 00:55:18,147] [basehttp.py:157] [basehttp:log_message] [INFO]- "GET /static/admin/simpleui-x/js/language.js?_=2.1.2 HTTP/1.1" 200 189
[2021-02-26 00:55:18,154] [basehttp.py:157] [basehttp:log_message] [INFO]- "GET /static/admin/simpleui-x/locale/en-us.js?_=2.1.2 HTTP/1.1" 200 811
[2021-02-26 00:55:18,156] [basehttp.py:157] [basehttp:log_message] [INFO]- "GET /static/admin/simpleui-x/locale/zh-hans.js HTTP/1.1" 200 1254
[2021-02-26 00:55:18,158] [basehttp.py:157] [basehttp:log_message] [INFO]- "GET /static/admin/simpleui-x/js/cookie.js HTTP/1.1" 200 524
[2021-02-26 00:55:18,167] [basehttp.py:157] [basehttp:log_message] [INFO]- "GET /static/admin/css/changelists.css?_=20180905 HTTP/1.1" 200 6305
[2021-02-26 00:55:18,172] [basehttp.py:157] [basehttp:log_message] [INFO]- "GET /static/admin/js/jquery.init.js HTTP/1.1" 200 347
[2021-02-26 00:55:18,182] [basehttp.py:157] [basehttp:log_message] [INFO]- "GET /static/admin/js/core.js HTTP/1.1" 200 5418
[2021-02-26 00:55:18,186] [basehttp.py:157] [basehttp:log_message] [INFO]- "GET /static/admin/js/actions.min.js HTTP/1.1" 200 3237
[2021-02-26 00:55:18,187] [basehttp.py:157] [basehttp:log_message] [INFO]- "GET /static/admin/js/admin/RelatedObjectLookups.js HTTP/1.1" 200 6078
[2021-02-26 00:55:18,187] [basehttp.py:157] [basehttp:log_message] [INFO]- "GET /admin/jsi18n/ HTTP/1.1" 200 7732
[2021-02-26 00:55:18,188] [basehttp.py:157] [basehttp:log_message] [INFO]- "GET /static/admin/js/vendor/jquery/jquery.min.js HTTP/1.1" 200 89476
[2021-02-26 00:55:18,195] [basehttp.py:157] [basehttp:log_message] [INFO]- "GET /static/admin/css/responsive.css?_=20180905 HTTP/1.1" 200 17867
[2021-02-26 00:55:18,197] [basehttp.py:157] [basehttp:log_message] [INFO]- "GET /static/admin/js/prepopulate.min.js HTTP/1.1" 200 388
[2021-02-26 00:55:18,197] [basehttp.py:157] [basehttp:log_message] [INFO]- "GET /static/admin/js/urlify.js HTTP/1.1" 200 8632
[2021-02-26 00:55:18,207] [basehttp.py:157] [basehttp:log_message] [INFO]- "GET /static/admin/simpleui-x/automatic/dicts.js HTTP/1.1" 200 6190
[2021-02-26 00:55:18,209] [basehttp.py:157] [basehttp:log_message] [INFO]- "GET /static/admin/simpleui-x/js/axios.min.js HTTP/1.1" 200 14237
[2021-02-26 00:55:18,210] [basehttp.py:157] [basehttp:log_message] [INFO]- "GET /static/admin/simpleui-x/automatic/segment.js HTTP/1.1" 200 1186
[2021-02-26 00:55:18,211] [basehttp.py:157] [basehttp:log_message] [INFO]- "GET /static/admin/js/vendor/xregexp/xregexp.min.js HTTP/1.1" 200 125266
[2021-02-26 00:55:18,458] [basehttp.py:157] [basehttp:log_message] [INFO]- "GET /static/admin/css/fonts.css HTTP/1.1" 200 423
[2021-02-26 00:55:18,495] [basehttp.py:157] [basehttp:log_message] [INFO]- "GET /static/admin/simpleui-x/css/index.css.map HTTP/1.1" 304 0
[2021-02-26 00:55:18,561] [basehttp.py:157] [basehttp:log_message] [INFO]- "GET /static/admin/js/vendor/jquery/jquery.min.js HTTP/1.1" 200 89476
[2021-02-26 00:55:18,710] [basehttp.py:157] [basehttp:log_message] [INFO]- "GET /static/admin/fonts/Roboto-Regular-webfont.woff HTTP/1.1" 200 85876
[2021-02-26 00:55:18,713] [basehttp.py:157] [basehttp:log_message] [INFO]- "GET /static/admin/fonts/Roboto-Bold-webfont.woff HTTP/1.1" 200 86184
[2021-02-26 00:55:35,814] [autoreload.py:617] [autoreload:run_with_reloader] [INFO]- Watching for file changes with StatReloader
[2021-02-26 00:55:38,865] [log.py:224] [log:log_response] [WARNING]- Not Found: /
[2021-02-26 00:55:38,866] [basehttp.py:157] [basehttp:log_message] [WARNING]- "GET / HTTP/1.1" 404 179
[2021-02-26 00:55:39,014] [log.py:224] [log:log_response] [WARNING]- Not Found: /favicon.ico
[2021-02-26 00:55:39,014] [basehttp.py:157] [basehttp:log_message] [WARNING]- "GET /favicon.ico HTTP/1.1" 404 179
[2021-02-26 00:55:44,767] [basehttp.py:157] [basehttp:log_message] [INFO]- "GET /api/ HTTP/1.1" 200 11130
[2021-02-26 00:55:44,819] [basehttp.py:157] [basehttp:log_message] [INFO]- "GET /static/rest_framework/css/bootstrap.min.css HTTP/1.1" 200 121457
[2021-02-26 00:55:44,840] [basehttp.py:157] [basehttp:log_message] [INFO]- "GET /static/rest_framework/js/ajax-form.js HTTP/1.1" 200 3597
[2021-02-26 00:55:44,850] [basehttp.py:157] [basehttp:log_message] [INFO]- "GET /static/rest_framework/js/prettify-min.js HTTP/1.1" 200 13632
[2021-02-26 00:55:44,853] [basehttp.py:157] [basehttp:log_message] [INFO]- "GET /static/rest_framework/css/default.css HTTP/1.1" 200 1131
[2021-02-26 00:55:44,854] [basehttp.py:157] [basehttp:log_message] [INFO]- "GET /static/rest_framework/js/default.js HTTP/1.1" 200 1268
[2021-02-26 00:55:44,863] [basehttp.py:157] [basehttp:log_message] [INFO]- "GET /static/rest_framework/css/prettify.css HTTP/1.1" 200 817
[2021-02-26 00:55:44,866] [basehttp.py:157] [basehttp:log_message] [INFO]- "GET /static/rest_framework/js/csrf.js HTTP/1.1" 200 1719
[2021-02-26 00:55:44,869] [basehttp.py:157] [basehttp:log_message] [INFO]- "GET /static/rest_framework/js/jquery-3.5.1.min.js HTTP/1.1" 200 89476
[2021-02-26 00:55:44,870] [basehttp.py:157] [basehttp:log_message] [INFO]- "GET /static/rest_framework/css/bootstrap-tweaks.css HTTP/1.1" 200 3385
[2021-02-26 00:55:44,871] [basehttp.py:157] [basehttp:log_message] [INFO]- "GET /static/rest_framework/js/bootstrap.min.js HTTP/1.1" 200 39680
[2021-02-26 00:55:44,886] [basehttp.py:157] [basehttp:log_message] [INFO]- "GET /static/rest_framework/img/grid.png HTTP/1.1" 200 1458
[2021-02-26 00:55:46,717] [basehttp.py:157] [basehttp:log_message] [INFO]- "GET /api/Cate/ HTTP/1.1" 200 58868
[2021-02-26 00:55:46,767] [basehttp.py:157] [basehttp:log_message] [INFO]- "GET /static/rest_framework/fonts/glyphicons-halflings-regular.woff2 HTTP/1.1" 200 18028
[2021-02-26 00:55:52,463] [log.py:224] [log:log_response] [WARNING]- Not Found: /api/admin
[2021-02-26 00:55:52,463] [basehttp.py:157] [basehttp:log_message] [WARNING]- "GET /api/admin HTTP/1.1" 404 179
[2021-02-26 00:55:59,155] [basehttp.py:157] [basehttp:log_message] [INFO]- "GET /admin HTTP/1.1" 301 0
[2021-02-26 00:55:59,225] [basehttp.py:157] [basehttp:log_message] [INFO]- "GET /admin/ HTTP/1.1" 200 24372
[2021-02-26 00:55:59,285] [basehttp.py:157] [basehttp:log_message] [INFO]- "GET /static/admin/simpleui-x/css/index.css?_=3.2 HTTP/1.1" 200 7134
[2021-02-26 00:55:59,297] [basehttp.py:157] [basehttp:log_message] [INFO]- "GET /static/admin/simpleui-x/locale/en-us.js?_=2021.2 HTTP/1.1" 200 811
[2021-02-26 00:55:59,301] [basehttp.py:157] [basehttp:log_message] [INFO]- "GET /static/admin/simpleui-x/automatic/segment.js?_=2021.2 HTTP/1.1" 200 1186
[2021-02-26 00:55:59,303] [basehttp.py:157] [basehttp:log_message] [INFO]- "GET /static/admin/simpleui-x/locale/zh-hans.js?_=2021.2 HTTP/1.1" 200 1254
[2021-02-26 00:55:59,304] [basehttp.py:157] [basehttp:log_message] [INFO]- "GET /static/admin/simpleui-x/waves/waves.min.css?_=2.1 HTTP/1.1" 200 3861
[2021-02-26 00:55:59,308] [basehttp.py:157] [basehttp:log_message] [INFO]- "GET /static/admin/simpleui-x/js/cookie.js?_=2021.2 HTTP/1.1" 200 524
[2021-02-26 00:55:59,308] [basehttp.py:157] [basehttp:log_message] [INFO]- "GET /static/admin/simpleui-x/automatic/dicts.js?_=2021.2 HTTP/1.1" 200 6190
[2021-02-26 00:55:59,309] [basehttp.py:157] [basehttp:log_message] [INFO]- "GET /static/admin/simpleui-x/theme/theme.js?_=2021.2 HTTP/1.1" 200 4274
[2021-02-26 00:55:59,319] [basehttp.py:157] [basehttp:log_message] [INFO]- "GET /static/admin/simpleui-x/js/menu.js?_=2021.2 HTTP/1.1" 200 2089
[2021-02-26 00:55:59,322] [basehttp.py:157] [basehttp:log_message] [INFO]- "GET /static/admin/simpleui-x/waves/waves.min.js?_=2021.2 HTTP/1.1" 200 6329
[2021-02-26 00:55:59,324] [basehttp.py:157] [basehttp:log_message] [INFO]- "GET /static/admin/simpleui-x/js/index.js?_=2021.2 HTTP/1.1" 200 20820
[2021-02-26 00:55:59,808] [basehttp.py:157] [basehttp:log_message] [INFO]- "GET /static/admin/simpleui-x/img/logo.png HTTP/1.1" 200 115997
[2021-02-26 00:56:04,132] [basehttp.py:157] [basehttp:log_message] [INFO]- "GET /admin/logout/ HTTP/1.1" 200 161
[2021-02-26 00:56:04,193] [basehttp.py:157] [basehttp:log_message] [INFO]- "GET /admin/login/ HTTP/1.1" 200 3729
[2021-02-26 00:56:04,242] [basehttp.py:157] [basehttp:log_message] [INFO]- "GET /static/admin/simpleui-x/js/login.js?_=3.3 HTTP/1.1" 200 669
[2021-02-26 00:56:04,245] [basehttp.py:157] [basehttp:log_message] [INFO]- "GET /static/admin/simpleui-x/particles/app.js HTTP/1.1" 200 3728
[2021-02-26 00:56:04,247] [basehttp.py:157] [basehttp:log_message] [INFO]- "GET /static/admin/simpleui-x/css/login.css?_=2.1 HTTP/1.1" 200 500
[2021-02-26 00:56:04,248] [basehttp.py:157] [basehttp:log_message] [INFO]- "GET /static/admin/simpleui-x/particles/particles.js HTTP/1.1" 200 51264
[2021-02-26 00:56:04,261] [basehttp.py:157] [basehttp:log_message] [INFO]- "GET /static/admin/simpleui-x/img/bg.svg HTTP/1.1" 200 9547
[2021-02-26 00:56:22,152] [basehttp.py:157] [basehttp:log_message] [INFO]- "GET /admin/login/ HTTP/1.1" 200 3729
[2021-02-26 00:56:22,194] [basehttp.py:157] [basehttp:log_message] [INFO]- "GET /static/admin/simpleui-x/particles/particles.js HTTP/1.1" 304 0
[2021-02-26 00:56:22,196] [basehttp.py:157] [basehttp:log_message] [INFO]- "GET /static/admin/simpleui-x/particles/app.js HTTP/1.1" 304 0
[2021-02-26 00:56:22,196] [basehttp.py:157] [basehttp:log_message] [INFO]- "GET /static/admin/simpleui-x/js/login.js?_=3.3 HTTP/1.1" 304 0
[2021-02-26 00:56:22,201] [basehttp.py:157] [basehttp:log_message] [INFO]- "GET /static/admin/simpleui-x/img/bg.svg HTTP/1.1" 304 0
[2021-02-26 00:56:22,202] [basehttp.py:157] [basehttp:log_message] [INFO]- "GET /static/admin/simpleui-x/img/logo.png HTTP/1.1" 304 0
